<?xml version="1.0" encoding="UTF-8"?>
<!-- Generated by org.testng.reporters.JUnitXMLReporter -->
<testsuite ignored="6" hostname="NISBDFS128980-P" failures="0" tests="1" name="Default test" time="0.032" errors="0" timestamp="2020-10-28T09:20:21 PKT">
  <testcase classname="tests.BaseClass" name="@BeforeTest setup" time="-1.603858821745E9">
    <failure type="org.testng.TestNGException" message="
Parameter &amp;apos;platform&amp;apos; is required by BeforeTest on method setup but has not been marked @Optional or defined
in C:\Users\nauman.aziz1\AppData\Local\Temp\testng-eclipse-710863272\testng-customsuite.xml">
      <![CDATA[org.testng.TestNGException: 
Parameter 'platform' is required by BeforeTest on method setup but has not been marked @Optional or defined
in C:\Users\nauman.aziz1\AppData\Local\Temp\testng-eclipse-710863272\testng-customsuite.xml
at org.testng.internal.Parameters.createParams(Parameters.java:268)
at org.testng.internal.Parameters.createParametersForMethod(Parameters.java:356)
at org.testng.internal.Parameters.createParameters(Parameters.java:700)
at org.testng.internal.Parameters.createConfigurationParameters(Parameters.java:166)
at org.testng.internal.ConfigInvoker.invokeConfigurations(ConfigInvoker.java:301)
at org.testng.TestRunner.invokeTestConfigurations(TestRunner.java:617)
at org.testng.TestRunner.beforeRun(TestRunner.java:607)
at org.testng.TestRunner.run(TestRunner.java:578)
at org.testng.SuiteRunner.runTest(SuiteRunner.java:384)
at org.testng.SuiteRunner.runSequentially(SuiteRunner.java:378)
at org.testng.SuiteRunner.privateRun(SuiteRunner.java:337)
at org.testng.SuiteRunner.run(SuiteRunner.java:286)
at org.testng.SuiteRunnerWorker.runSuite(SuiteRunnerWorker.java:53)
at org.testng.SuiteRunnerWorker.run(SuiteRunnerWorker.java:96)
at org.testng.TestNG.runSuitesSequentially(TestNG.java:1218)
at org.testng.TestNG.runSuitesLocally(TestNG.java:1140)
at org.testng.TestNG.runSuites(TestNG.java:1069)
at org.testng.TestNG.run(TestNG.java:1037)
at org.testng.remote.AbstractRemoteTestNG.run(AbstractRemoteTestNG.java:115)
at org.testng.remote.RemoteTestNG.initAndRun(RemoteTestNG.java:251)
at org.testng.remote.RemoteTestNG.main(RemoteTestNG.java:77)
]]>
    </failure>
  </testcase> <!-- @BeforeTest setup -->
  <testcase classname="tests.Login" name="@BeforeTest startReport" time="-1.603858821751E9">
    <skipped/>
  </testcase> <!-- @BeforeTest startReport -->
  <testcase classname="tests.Login" name="Start" time="0.0">
    <skipped/>
  </testcase> <!-- Start -->
  <testcase classname="tests.Login" name="ClickOnMoneyTransfer" time="0.0">
    <ignored/>
  </testcase> <!-- ClickOnMoneyTransfer -->
  <testcase classname="tests.Login" name="Search" time="0.0">
    <ignored/>
  </testcase> <!-- Search -->
  <testcase classname="tests.Login" name="MTClick" time="0.0">
    <ignored/>
  </testcase> <!-- MTClick -->
  <testcase classname="tests.Login" name="EnterPin" time="0.0">
    <ignored/>
  </testcase> <!-- EnterPin -->
  <testcase classname="tests.Login" name="AmountEnter" time="0.0">
    <ignored/>
  </testcase> <!-- AmountEnter -->
  <testcase classname="tests.Login" name="LoginAsGuest" time="0.0">
    <ignored/>
  </testcase> <!-- LoginAsGuest -->
</testsuite> <!-- Default test -->
