<?xml version="1.0" encoding="UTF-8"?>
<!-- Generated by org.testng.reporters.JUnitXMLReporter -->
<testsuite hostname="NISBDFS128962-B" ignored="2" name="Test2" tests="1" failures="1" timestamp="09 Oct 2020 08:07:06 GMT" time="51.725" errors="0">
  <testcase name="TestCase01" time="35.625" classname="tests.TestCase01_MarketPlace_Transaction">
    <failure type="org.openqa.selenium.NoSuchElementException" message="An element could not be located on the page using the given search parameters.
For documentation on this error, please visit: https://www.seleniumhq.org/exceptions/no_such_element.html
Build info: version: &amp;apos;3.141.59&amp;apos;, revision: &amp;apos;e82be7d358&amp;apos;, time: &amp;apos;2018-11-14T08:17:03&amp;apos;
System info: host: &amp;apos;NISBDFS128962-B&amp;apos;, ip: &amp;apos;192.168.43.181&amp;apos;, os.name: &amp;apos;Windows 10&amp;apos;, os.arch: &amp;apos;amd64&amp;apos;, os.version: &amp;apos;10.0&amp;apos;, java.version: &amp;apos;1.8.0_261&amp;apos;
Driver info: io.appium.java_client.android.AndroidDriver
Capabilities {appActivity: .view.msisdn.MSISDNActivity, appPackage: com.ibm.jazzcashconsumer, autoGrantPermissions: true, databaseEnabled: false, desired: {appActivity: .view.msisdn.MSISDNActivity, appPackage: com.ibm.jazzcashconsumer, autoGrantPermissions: true, deviceName: Samsung, platformName: android, platformVersion: 10, systemPort: 8205, udid: R58M95CTTZF}, deviceApiLevel: 29, deviceManufacturer: samsung, deviceModel: SM-A705FN, deviceName: R58M95CTTZF, deviceScreenDensity: 420, deviceScreenSize: 1080x2400, deviceUDID: R58M95CTTZF, javascriptEnabled: true, locationContextEnabled: false, networkConnectionEnabled: true, pixelRatio: 2.625, platform: LINUX, platformName: Android, platformVersion: 10, statBarHeight: 76, systemPort: 8205, takesScreenshot: true, udid: R58M95CTTZF, viewportRect: {height: 2122, left: 0, top: 76, width: 1080}, warnings: {}, webStorageEnabled: false}
Session ID: 92262026-cb1d-44f4-87bf-cb60e6148d47
*** Element info: {Using=id, value=com.ibm.jazzcashconsumer:id/btnCancelSendMoney}">
      <![CDATA[org.openqa.selenium.NoSuchElementException: An element could not be located on the page using the given search parameters.
For documentation on this error, please visit: https://www.seleniumhq.org/exceptions/no_such_element.html
Build info: version: '3.141.59', revision: 'e82be7d358', time: '2018-11-14T08:17:03'
System info: host: 'NISBDFS128962-B', ip: '192.168.43.181', os.name: 'Windows 10', os.arch: 'amd64', os.version: '10.0', java.version: '1.8.0_261'
Driver info: io.appium.java_client.android.AndroidDriver
Capabilities {appActivity: .view.msisdn.MSISDNActivity, appPackage: com.ibm.jazzcashconsumer, autoGrantPermissions: true, databaseEnabled: false, desired: {appActivity: .view.msisdn.MSISDNActivity, appPackage: com.ibm.jazzcashconsumer, autoGrantPermissions: true, deviceName: Samsung, platformName: android, platformVersion: 10, systemPort: 8205, udid: R58M95CTTZF}, deviceApiLevel: 29, deviceManufacturer: samsung, deviceModel: SM-A705FN, deviceName: R58M95CTTZF, deviceScreenDensity: 420, deviceScreenSize: 1080x2400, deviceUDID: R58M95CTTZF, javascriptEnabled: true, locationContextEnabled: false, networkConnectionEnabled: true, pixelRatio: 2.625, platform: LINUX, platformName: Android, platformVersion: 10, statBarHeight: 76, systemPort: 8205, takesScreenshot: true, udid: R58M95CTTZF, viewportRect: {height: 2122, left: 0, top: 76, width: 1080}, warnings: {}, webStorageEnabled: false}
Session ID: 92262026-cb1d-44f4-87bf-cb60e6148d47
*** Element info: {Using=id, value=com.ibm.jazzcashconsumer:id/btnCancelSendMoney}
	at org.openqa.selenium.remote.http.W3CHttpResponseCodec.createException(W3CHttpResponseCodec.java:187)
	at org.openqa.selenium.remote.http.W3CHttpResponseCodec.decode(W3CHttpResponseCodec.java:122)
	at org.openqa.selenium.remote.http.W3CHttpResponseCodec.decode(W3CHttpResponseCodec.java:49)
	at org.openqa.selenium.remote.HttpCommandExecutor.execute(HttpCommandExecutor.java:158)
	at io.appium.java_client.remote.AppiumCommandExecutor.execute(AppiumCommandExecutor.java:239)
	at org.openqa.selenium.remote.RemoteWebDriver.execute(RemoteWebDriver.java:552)
	at io.appium.java_client.DefaultGenericMobileDriver.execute(DefaultGenericMobileDriver.java:41)
	at io.appium.java_client.AppiumDriver.execute(AppiumDriver.java:1)
	at io.appium.java_client.android.AndroidDriver.execute(AndroidDriver.java:1)
	at org.openqa.selenium.remote.RemoteWebDriver.findElement(RemoteWebDriver.java:323)
	at io.appium.java_client.DefaultGenericMobileDriver.findElement(DefaultGenericMobileDriver.java:61)
	at io.appium.java_client.AppiumDriver.findElement(AppiumDriver.java:1)
	at io.appium.java_client.android.AndroidDriver.findElement(AndroidDriver.java:1)
	at org.openqa.selenium.remote.RemoteWebDriver.findElementById(RemoteWebDriver.java:372)
	at io.appium.java_client.DefaultGenericMobileDriver.findElementById(DefaultGenericMobileDriver.java:69)
	at io.appium.java_client.AppiumDriver.findElementById(AppiumDriver.java:1)
	at io.appium.java_client.android.AndroidDriver.findElementById(AndroidDriver.java:1)
	at org.openqa.selenium.By$ById.findElement(By.java:188)
	at org.openqa.selenium.remote.RemoteWebDriver.findElement(RemoteWebDriver.java:315)
	at io.appium.java_client.DefaultGenericMobileDriver.findElement(DefaultGenericMobileDriver.java:57)
	at io.appium.java_client.AppiumDriver.findElement(AppiumDriver.java:1)
	at io.appium.java_client.android.AndroidDriver.findElement(AndroidDriver.java:1)
	at tests.TestCase01_MarketPlace_Transaction.TestCase01(TestCase01_MarketPlace_Transaction.java:129)
	at java.util.concurrent.FutureTask.run(Unknown Source)
	at java.util.concurrent.ThreadPoolExecutor.runWorker(Unknown Source)
	at java.util.concurrent.ThreadPoolExecutor$Worker.run(Unknown Source)
	at java.lang.Thread.run(Unknown Source)
... Removed 20 stack frames]]>
    </failure>
  </testcase> <!-- TestCase01 -->
  <testcase name="@AfterTest tearDown" time="0.0" classname="tests.BaseClass">
    <ignored/>
  </testcase> <!-- @AfterTest tearDown -->
  <testcase name="@BeforeTest setup" time="0.0" classname="tests.BaseClass">
    <ignored/>
  </testcase> <!-- @BeforeTest setup -->
</testsuite> <!-- Test2 -->
